(00.000373) Version: 3.17.1-crac (gitid b20-9-ge97e4ec+1)
(00.000526) Running on 4c51f1b939be Linux 6.4.13-orbstack-00090-ga4cfdc88d4df #1 SMP Thu Aug 31 05:51:21 UTC 2023 aarch64
(00.000576) File /run/criu.kdat does not exist
(00.000619) sockets: Probing sock diag modules
(00.000686) sockets: Done probing
(00.000735) Pagemap is fully functional
(00.000786) Found anon-shmem device at 1
(00.000838) Reset 86's dirty tracking
(00.000887)  ... done
(00.000941) Dirty tracking support is OFF
(00.001042) Found task size of 1000000000000
(00.002464) Restoring netdev veth idx 10
(00.002821) Dumping netns links
(00.002864) 	LD: Got link 1, type 772
(00.002895) 	LD: Got link 2, type 768
(00.002927) 	LD: Got link 10, type 1
(00.003309) vdso: Parsing at ffff8f608000 ffff8f609000
(00.003351) vdso: PT_LOAD p_vaddr: 0
(00.003384) vdso: DT_HASH: e8
(00.003417) vdso: DT_STRTAB: 1a8
(00.003448) vdso: DT_SYMTAB: 118
(00.003478) vdso: DT_STRSZ: 77
(00.003508) vdso: DT_SYMENT: 18
(00.003543) vdso: nbucket 3 nchain 6 bucket ffff8f6080f0 chain ffff8f6080fc
(00.003574) vdso: rt [vdso] ffff8f608000-ffff8f609000 [vvar] ffff8f606000-ffff8f608000
(00.003782) Warn  (criu/kerndat.c:1466): CRIU was built without libnftables support
(00.004067) Found mmap_min_addr 0x10000
(00.004125) files stat: fs/nr_open 1073741816
(00.004165) skip kerndat_save_cache
(00.004211) ========================================
(00.004252) Dumping processes (pid: 7)
(00.004293) ========================================
(00.004333) rlimit: RLIMIT_NOFILE unlimited for self
(00.004455) Running pre-dump scripts
(00.004516) irmap: Searching irmap cache in work dir
(00.004612) No irmap-cache image
(00.004661) irmap: Searching irmap cache in parent
(00.004753) No parent images directory provided
(00.004795) irmap: No irmap cache
(00.004858) cg-prop: Parsing controller "cpu"
(00.004900) cg-prop: 	Strategy "replace"
(00.004944) cg-prop: 	Property "cpu.shares"
(00.004987) cg-prop: 	Property "cpu.cfs_period_us"
(00.005030) cg-prop: 	Property "cpu.cfs_quota_us"
(00.005073) cg-prop: 	Property "cpu.rt_period_us"
(00.005116) cg-prop: 	Property "cpu.rt_runtime_us"
(00.005157) cg-prop: Parsing controller "memory"
(00.005201) cg-prop: 	Strategy "replace"
(00.005244) cg-prop: 	Property "memory.limit_in_bytes"
(00.005287) cg-prop: 	Property "memory.memsw.limit_in_bytes"
(00.005330) cg-prop: 	Property "memory.swappiness"
(00.005349) cg-prop: 	Property "memory.soft_limit_in_bytes"
(00.005398) cg-prop: 	Property "memory.move_charge_at_immigrate"
(00.005440) cg-prop: 	Property "memory.oom_control"
(00.005480) cg-prop: 	Property "memory.use_hierarchy"
(00.005520) cg-prop: 	Property "memory.kmem.limit_in_bytes"
(00.005562) cg-prop: 	Property "memory.kmem.tcp.limit_in_bytes"
(00.005605) cg-prop: Parsing controller "cpuset"
(00.005646) cg-prop: 	Strategy "replace"
(00.005687) cg-prop: 	Property "cpuset.cpus"
(00.005727) cg-prop: 	Property "cpuset.mems"
(00.005767) cg-prop: 	Property "cpuset.memory_migrate"
(00.005807) cg-prop: 	Property "cpuset.cpu_exclusive"
(00.005846) cg-prop: 	Property "cpuset.mem_exclusive"
(00.005886) cg-prop: 	Property "cpuset.mem_hardwall"
(00.005926) cg-prop: 	Property "cpuset.memory_spread_page"
(00.005965) cg-prop: 	Property "cpuset.memory_spread_slab"
(00.006004) cg-prop: 	Property "cpuset.sched_load_balance"
(00.006044) cg-prop: 	Property "cpuset.sched_relax_domain_level"
(00.006084) cg-prop: Parsing controller "blkio"
(00.006123) cg-prop: 	Strategy "replace"
(00.006162) cg-prop: 	Property "blkio.weight"
(00.006202) cg-prop: Parsing controller "freezer"
(00.006244) cg-prop: 	Strategy "replace"
(00.006286) cg-prop: Parsing controller "perf_event"
(00.006326) cg-prop: 	Strategy "replace"
(00.006367) cg-prop: Parsing controller "net_cls"
(00.006406) cg-prop: 	Strategy "replace"
(00.006445) cg-prop: 	Property "net_cls.classid"
(00.006484) cg-prop: Parsing controller "net_prio"
(00.006523) cg-prop: 	Strategy "replace"
(00.006559) cg-prop: 	Property "net_prio.ifpriomap"
(00.006599) cg-prop: Parsing controller "pids"
(00.006639) cg-prop: 	Strategy "replace"
(00.006677) cg-prop: 	Property "pids.max"
(00.006765) cg-prop: Parsing controller "devices"
(00.006804) cg-prop: 	Strategy "replace"
(00.006844) cg-prop: 	Property "devices.list"
(00.006904) Preparing image inventory (version 1)
(00.006970) Add pid ns 1 pid 86
(00.007013) Add net ns 2 pid 86
(00.007059) Add ipc ns 3 pid 86
(00.007103) Add uts ns 4 pid 86
(00.007151) Add time ns 5 pid 86
(00.007206) Add mnt ns 6 pid 86
(00.007259) Add user ns 7 pid 86
(00.007307) Add cgroup ns 8 pid 86
(00.007350) cg: Dumping cgroups for 86
(00.007398) cg:  `- New css ID 1
(00.007437) cg:     `- [] -> [/] [0]
(00.007477) cg: Set 1 is criu one
(00.007527) Detected cgroup V1 freezer
(00.007613) Seized task 7, state 1
(00.007641) seccomp: Collected tid_real 7 mode 0
(00.007758) 	Seizing 7's 8 thread
(00.007859) seccomp: Collected tid_real 8 mode 0
(00.007898) 	Seizing 7's 9 thread
(00.007975) seccomp: Collected tid_real 9 mode 0
(00.008015) 	Seizing 7's 10 thread
(00.008091) seccomp: Collected tid_real 10 mode 0
(00.008131) 	Seizing 7's 11 thread
(00.008190) seccomp: Collected tid_real 11 mode 0
(00.008228) 	Seizing 7's 12 thread
(00.008302) seccomp: Collected tid_real 12 mode 0
(00.008343) 	Seizing 7's 13 thread
(00.008414) seccomp: Collected tid_real 13 mode 0
(00.008455) 	Seizing 7's 14 thread
(00.008511) seccomp: Collected tid_real 14 mode 0
(00.008548) 	Seizing 7's 15 thread
(00.008606) seccomp: Collected tid_real 15 mode 0
(00.008643) 	Seizing 7's 16 thread
(00.008711) seccomp: Collected tid_real 16 mode 0
(00.008751) 	Seizing 7's 17 thread
(00.008822) seccomp: Collected tid_real 17 mode 0
(00.008861) 	Seizing 7's 18 thread
(00.008912) seccomp: Collected tid_real 18 mode 0
(00.008950) 	Seizing 7's 19 thread
(00.009003) seccomp: Collected tid_real 19 mode 0
(00.009041) 	Seizing 7's 20 thread
(00.009091) seccomp: Collected tid_real 20 mode 0
(00.009129) 	Seizing 7's 21 thread
(00.009181) seccomp: Collected tid_real 21 mode 0
(00.009219) 	Seizing 7's 22 thread
(00.009292) seccomp: Collected tid_real 22 mode 0
(00.009337) 	Seizing 7's 23 thread
(00.009395) seccomp: Collected tid_real 23 mode 0
(00.009436) 	Seizing 7's 24 thread
(00.009502) seccomp: Collected tid_real 24 mode 0
(00.009543) 	Seizing 7's 25 thread
(00.009616) seccomp: Collected tid_real 25 mode 0
(00.009658) 	Seizing 7's 26 thread
(00.009720) seccomp: Collected tid_real 26 mode 0
(00.009763) 	Seizing 7's 28 thread
(00.009854) seccomp: Collected tid_real 28 mode 0
(00.009894) 	Seizing 7's 29 thread
(00.009955) seccomp: Collected tid_real 29 mode 0
(00.009995) 	Seizing 7's 30 thread
(00.010050) seccomp: Collected tid_real 30 mode 0
(00.010090) 	Seizing 7's 31 thread
(00.010145) seccomp: Collected tid_real 31 mode 0
(00.010184) 	Seizing 7's 32 thread
(00.010240) seccomp: Collected tid_real 32 mode 0
(00.010280) 	Seizing 7's 33 thread
(00.010331) seccomp: Collected tid_real 33 mode 0
(00.010373) 	Seizing 7's 36 thread
(00.010429) seccomp: Collected tid_real 36 mode 0
(00.010469) 	Seizing 7's 37 thread
(00.010535) seccomp: Collected tid_real 37 mode 0
(00.010575) 	Seizing 7's 38 thread
(00.010649) seccomp: Collected tid_real 38 mode 0
(00.010691) 	Seizing 7's 39 thread
(00.010770) seccomp: Collected tid_real 39 mode 0
(00.010816) 	Seizing 7's 40 thread
(00.010883) seccomp: Collected tid_real 40 mode 0
(00.010925) 	Seizing 7's 41 thread
(00.010999) seccomp: Collected tid_real 41 mode 0
(00.011042) 	Seizing 7's 42 thread
(00.011108) seccomp: Collected tid_real 42 mode 0
(00.011171) 	Seizing 7's 43 thread
(00.011276) seccomp: Collected tid_real 43 mode 0
(00.011344) 	Seizing 7's 81 thread
(00.011430) seccomp: Collected tid_real 81 mode 0
(00.011465) 	Seizing 7's 82 thread
(00.011567) seccomp: Collected tid_real 82 mode 0
(00.011652) Collected (3 attempts, 0 in_progress)
(00.011708) Error (criu/proc_parse.c:2765): Can't open 7/task/7/children on procfs: No such file or directory
(00.011751) Collected (4 attempts, -1 in_progress)
(00.011794) Unlock network
(00.011835) Unfreezing tasks into 1
(00.011877) 	Unseizing 7 into 1
(00.012018) Error (criu/cr-dump.c:2063): Dumping FAILED.
